[2026-02-25T10:55:11.124+0000] {local_task_job_runner.py:120} INFO - ::group::Pre task execution logs
[2026-02-25T10:55:11.162+0000] {taskinstance.py:2076} INFO - Dependencies all met for dep_context=non-requeueable deps ti=<TaskInstance: flight_pipeline.bronze_ingestion scheduled__2026-02-25T09:00:00+00:00 [queued]>
[2026-02-25T10:55:11.170+0000] {taskinstance.py:2076} INFO - Dependencies all met for dep_context=requeueable deps ti=<TaskInstance: flight_pipeline.bronze_ingestion scheduled__2026-02-25T09:00:00+00:00 [queued]>
[2026-02-25T10:55:11.171+0000] {taskinstance.py:2306} INFO - Starting attempt 1 of 2
[2026-02-25T10:55:11.184+0000] {taskinstance.py:2330} INFO - Executing <Task(PythonOperator): bronze_ingestion> on 2026-02-25 09:00:00+00:00
[2026-02-25T10:55:11.188+0000] {standard_task_runner.py:64} INFO - Started process 144 to run task
[2026-02-25T10:55:11.191+0000] {standard_task_runner.py:90} INFO - Running: ['airflow', 'tasks', 'run', 'flight_pipeline', 'bronze_ingestion', 'scheduled__2026-02-25T09:00:00+00:00', '--job-id', '5', '--raw', '--subdir', 'DAGS_FOLDER/flight-pipeline.py', '--cfg-path', '/tmp/tmpdnhhbuq4']
[2026-02-25T10:55:11.193+0000] {standard_task_runner.py:91} INFO - Job 5: Subtask bronze_ingestion
[2026-02-25T10:55:11.274+0000] {task_command.py:426} INFO - Running <TaskInstance: flight_pipeline.bronze_ingestion scheduled__2026-02-25T09:00:00+00:00 [running]> on host fea518720d9e
[2026-02-25T10:55:11.419+0000] {taskinstance.py:2648} INFO - Exporting env vars: AIRFLOW_CTX_DAG_OWNER='airflow' AIRFLOW_CTX_DAG_ID='flight_pipeline' AIRFLOW_CTX_TASK_ID='bronze_ingestion' AIRFLOW_CTX_EXECUTION_DATE='2026-02-25T09:00:00+00:00' AIRFLOW_CTX_TRY_NUMBER='1' AIRFLOW_CTX_DAG_RUN_ID='scheduled__2026-02-25T09:00:00+00:00'
[2026-02-25T10:55:11.421+0000] {taskinstance.py:430} INFO - ::endgroup::
[2026-02-25T10:55:13.313+0000] {taskinstance.py:441} INFO - ::group::Post task execution logs
[2026-02-25T10:55:13.314+0000] {taskinstance.py:2905} ERROR - Task failed with exception
Traceback (most recent call last):
  File "/home/airflow/.local/lib/python3.12/site-packages/airflow/models/taskinstance.py", line 465, in _execute_task
    result = _execute_callable(context=context, **execute_callable_kwargs)
             ^^^^^^^^^^^^^^^^^^^^^^^^^^^^^^^^^^^^^^^^^^^^^^^^^^^^^^^^^^^^^
  File "/home/airflow/.local/lib/python3.12/site-packages/airflow/models/taskinstance.py", line 432, in _execute_callable
    return execute_callable(context=context, **execute_callable_kwargs)
           ^^^^^^^^^^^^^^^^^^^^^^^^^^^^^^^^^^^^^^^^^^^^^^^^^^^^^^^^^^^^
  File "/home/airflow/.local/lib/python3.12/site-packages/airflow/models/baseoperator.py", line 401, in wrapper
    return func(self, *args, **kwargs)
           ^^^^^^^^^^^^^^^^^^^^^^^^^^^
  File "/home/airflow/.local/lib/python3.12/site-packages/airflow/operators/python.py", line 235, in execute
    return_value = self.execute_callable()
                   ^^^^^^^^^^^^^^^^^^^^^^^
  File "/home/airflow/.local/lib/python3.12/site-packages/airflow/operators/python.py", line 252, in execute_callable
    return self.python_callable(*self.op_args, **self.op_kwargs)
           ^^^^^^^^^^^^^^^^^^^^^^^^^^^^^^^^^^^^^^^^^^^^^^^^^^^^^
  File "/opt/airflow/scripts/bronze_ingest.py", line 19, in run_bronze_ingestion
    with open(output_dir, 'w') as f:
         ^^^^^^^^^^^^^^^^^^^^^
IsADirectoryError: [Errno 21] Is a directory: '/opt/airflow/data/bronze/flight_2026-02-25105513.json'
[2026-02-25T10:55:13.331+0000] {taskinstance.py:1206} INFO - Marking task as UP_FOR_RETRY. dag_id=flight_pipeline, task_id=bronze_ingestion, run_id=scheduled__2026-02-25T09:00:00+00:00, execution_date=20260225T090000, start_date=20260225T105511, end_date=20260225T105513
[2026-02-25T10:55:13.484+0000] {standard_task_runner.py:110} ERROR - Failed to execute job 5 for task bronze_ingestion ([Errno 21] Is a directory: '/opt/airflow/data/bronze/flight_2026-02-25105513.json'; 144)
[2026-02-25T10:55:13.504+0000] {local_task_job_runner.py:243} INFO - Task exited with return code 1
[2026-02-25T10:55:13.526+0000] {taskinstance.py:3503} INFO - 0 downstream tasks scheduled from follow-on schedule check
[2026-02-25T10:55:13.530+0000] {local_task_job_runner.py:222} INFO - ::endgroup::
