[2026-02-25T14:27:46.471+0000] {local_task_job_runner.py:120} INFO - ::group::Pre task execution logs
[2026-02-25T14:27:46.502+0000] {taskinstance.py:2076} INFO - Dependencies all met for dep_context=non-requeueable deps ti=<TaskInstance: flight_pipeline.bronze_ingestion manual__2026-02-25T14:27:42.183920+00:00 [queued]>
[2026-02-25T14:27:46.516+0000] {taskinstance.py:2076} INFO - Dependencies all met for dep_context=requeueable deps ti=<TaskInstance: flight_pipeline.bronze_ingestion manual__2026-02-25T14:27:42.183920+00:00 [queued]>
[2026-02-25T14:27:46.523+0000] {taskinstance.py:2306} INFO - Starting attempt 1 of 2
[2026-02-25T14:27:46.553+0000] {taskinstance.py:2330} INFO - Executing <Task(PythonOperator): bronze_ingestion> on 2026-02-25 14:27:42.183920+00:00
[2026-02-25T14:27:46.572+0000] {standard_task_runner.py:90} INFO - Running: ['airflow', 'tasks', 'run', 'flight_pipeline', 'bronze_ingestion', 'manual__2026-02-25T14:27:42.183920+00:00', '--job-id', '23', '--raw', '--subdir', 'DAGS_FOLDER/flight-pipeline.py', '--cfg-path', '/tmp/tmptwll9b0q']
[2026-02-25T14:27:46.578+0000] {logging_mixin.py:188} WARNING - /home/airflow/.local/lib/python3.12/site-packages/airflow/task/task_runner/standard_task_runner.py:62 DeprecationWarning: This process (pid=414) is multi-threaded, use of fork() may lead to deadlocks in the child.
[2026-02-25T14:27:46.579+0000] {standard_task_runner.py:91} INFO - Job 23: Subtask bronze_ingestion
[2026-02-25T14:27:46.579+0000] {standard_task_runner.py:64} INFO - Started process 423 to run task
[2026-02-25T14:27:46.707+0000] {task_command.py:426} INFO - Running <TaskInstance: flight_pipeline.bronze_ingestion manual__2026-02-25T14:27:42.183920+00:00 [running]> on host 4383f8a0204c
[2026-02-25T14:27:46.839+0000] {taskinstance.py:2648} INFO - Exporting env vars: AIRFLOW_CTX_DAG_OWNER='airflow' AIRFLOW_CTX_DAG_ID='flight_pipeline' AIRFLOW_CTX_TASK_ID='bronze_ingestion' AIRFLOW_CTX_EXECUTION_DATE='2026-02-25T14:27:42.183920+00:00' AIRFLOW_CTX_TRY_NUMBER='1' AIRFLOW_CTX_DAG_RUN_ID='manual__2026-02-25T14:27:42.183920+00:00'
[2026-02-25T14:27:46.840+0000] {taskinstance.py:430} INFO - ::endgroup::
[2026-02-25T14:27:51.428+0000] {taskinstance.py:441} INFO - ::group::Post task execution logs
[2026-02-25T14:27:51.429+0000] {taskinstance.py:2905} ERROR - Task failed with exception
Traceback (most recent call last):
  File "/home/airflow/.local/lib/python3.12/site-packages/airflow/models/taskinstance.py", line 465, in _execute_task
    result = _execute_callable(context=context, **execute_callable_kwargs)
             ^^^^^^^^^^^^^^^^^^^^^^^^^^^^^^^^^^^^^^^^^^^^^^^^^^^^^^^^^^^^^
  File "/home/airflow/.local/lib/python3.12/site-packages/airflow/models/taskinstance.py", line 432, in _execute_callable
    return execute_callable(context=context, **execute_callable_kwargs)
           ^^^^^^^^^^^^^^^^^^^^^^^^^^^^^^^^^^^^^^^^^^^^^^^^^^^^^^^^^^^^
  File "/home/airflow/.local/lib/python3.12/site-packages/airflow/models/baseoperator.py", line 401, in wrapper
    return func(self, *args, **kwargs)
           ^^^^^^^^^^^^^^^^^^^^^^^^^^^
  File "/home/airflow/.local/lib/python3.12/site-packages/airflow/operators/python.py", line 235, in execute
    return_value = self.execute_callable()
                   ^^^^^^^^^^^^^^^^^^^^^^^
  File "/home/airflow/.local/lib/python3.12/site-packages/airflow/operators/python.py", line 252, in execute_callable
    return self.python_callable(*self.op_args, **self.op_kwargs)
           ^^^^^^^^^^^^^^^^^^^^^^^^^^^^^^^^^^^^^^^^^^^^^^^^^^^^^
  File "/opt/airflow/scripts/bronze_ingest.py", line 19, in run_bronze_ingestion
    with open(output_dir, 'w') as f:
         ^^^^^^^^^^^^^^^^^^^^^
IsADirectoryError: [Errno 21] Is a directory: '/opt/airflow/data/bronze/flight_2026-02-25142751.json'
[2026-02-25T14:27:51.445+0000] {taskinstance.py:1206} INFO - Marking task as UP_FOR_RETRY. dag_id=flight_pipeline, task_id=bronze_ingestion, run_id=manual__2026-02-25T14:27:42.183920+00:00, execution_date=20260225T142742, start_date=20260225T142746, end_date=20260225T142751
[2026-02-25T14:27:51.463+0000] {standard_task_runner.py:110} ERROR - Failed to execute job 23 for task bronze_ingestion ([Errno 21] Is a directory: '/opt/airflow/data/bronze/flight_2026-02-25142751.json'; 423)
[2026-02-25T14:27:51.513+0000] {local_task_job_runner.py:243} INFO - Task exited with return code 1
[2026-02-25T14:27:51.562+0000] {taskinstance.py:3503} INFO - 0 downstream tasks scheduled from follow-on schedule check
[2026-02-25T14:27:51.576+0000] {local_task_job_runner.py:222} INFO - ::endgroup::
