[2026-02-25T16:44:27.756+0000] {local_task_job_runner.py:120} INFO - ::group::Pre task execution logs
[2026-02-25T16:44:27.787+0000] {taskinstance.py:2076} INFO - Dependencies all met for dep_context=non-requeueable deps ti=<TaskInstance: flight_pipeline.gold_aggregation manual__2026-02-25T16:39:07.765019+00:00 [queued]>
[2026-02-25T16:44:27.796+0000] {taskinstance.py:2076} INFO - Dependencies all met for dep_context=requeueable deps ti=<TaskInstance: flight_pipeline.gold_aggregation manual__2026-02-25T16:39:07.765019+00:00 [queued]>
[2026-02-25T16:44:27.798+0000] {taskinstance.py:2306} INFO - Starting attempt 2 of 2
[2026-02-25T16:44:27.810+0000] {taskinstance.py:2330} INFO - Executing <Task(PythonOperator): gold_aggregation> on 2026-02-25 16:39:07.765019+00:00
[2026-02-25T16:44:27.819+0000] {standard_task_runner.py:90} INFO - Running: ['airflow', 'tasks', 'run', 'flight_pipeline', 'gold_aggregation', 'manual__2026-02-25T16:39:07.765019+00:00', '--job-id', '84', '--raw', '--subdir', 'DAGS_FOLDER/flight-pipeline.py', '--cfg-path', '/tmp/tmpyurqhqq_']
[2026-02-25T16:44:27.821+0000] {logging_mixin.py:188} WARNING - /home/airflow/.local/lib/python3.12/site-packages/airflow/task/task_runner/standard_task_runner.py:62 DeprecationWarning: This process (pid=222) is multi-threaded, use of fork() may lead to deadlocks in the child.
[2026-02-25T16:44:27.822+0000] {standard_task_runner.py:91} INFO - Job 84: Subtask gold_aggregation
[2026-02-25T16:44:27.823+0000] {standard_task_runner.py:64} INFO - Started process 231 to run task
[2026-02-25T16:44:27.941+0000] {task_command.py:426} INFO - Running <TaskInstance: flight_pipeline.gold_aggregation manual__2026-02-25T16:39:07.765019+00:00 [running]> on host 4383f8a0204c
[2026-02-25T16:44:28.038+0000] {taskinstance.py:2648} INFO - Exporting env vars: AIRFLOW_CTX_DAG_OWNER='airflow' AIRFLOW_CTX_DAG_ID='flight_pipeline' AIRFLOW_CTX_TASK_ID='gold_aggregation' AIRFLOW_CTX_EXECUTION_DATE='2026-02-25T16:39:07.765019+00:00' AIRFLOW_CTX_TRY_NUMBER='2' AIRFLOW_CTX_DAG_RUN_ID='manual__2026-02-25T16:39:07.765019+00:00'
[2026-02-25T16:44:28.039+0000] {taskinstance.py:430} INFO - ::endgroup::
[2026-02-25T16:44:28.148+0000] {taskinstance.py:441} INFO - ::group::Post task execution logs
[2026-02-25T16:44:28.149+0000] {taskinstance.py:2905} ERROR - Task failed with exception
Traceback (most recent call last):
  File "/home/airflow/.local/lib/python3.12/site-packages/airflow/models/taskinstance.py", line 465, in _execute_task
    result = _execute_callable(context=context, **execute_callable_kwargs)
             ^^^^^^^^^^^^^^^^^^^^^^^^^^^^^^^^^^^^^^^^^^^^^^^^^^^^^^^^^^^^^
  File "/home/airflow/.local/lib/python3.12/site-packages/airflow/models/taskinstance.py", line 432, in _execute_callable
    return execute_callable(context=context, **execute_callable_kwargs)
           ^^^^^^^^^^^^^^^^^^^^^^^^^^^^^^^^^^^^^^^^^^^^^^^^^^^^^^^^^^^^
  File "/home/airflow/.local/lib/python3.12/site-packages/airflow/models/baseoperator.py", line 401, in wrapper
    return func(self, *args, **kwargs)
           ^^^^^^^^^^^^^^^^^^^^^^^^^^^
  File "/home/airflow/.local/lib/python3.12/site-packages/airflow/operators/python.py", line 235, in execute
    return_value = self.execute_callable()
                   ^^^^^^^^^^^^^^^^^^^^^^^
  File "/home/airflow/.local/lib/python3.12/site-packages/airflow/operators/python.py", line 252, in execute_callable
    return self.python_callable(*self.op_args, **self.op_kwargs)
           ^^^^^^^^^^^^^^^^^^^^^^^^^^^^^^^^^^^^^^^^^^^^^^^^^^^^^
  File "/opt/airflow/scripts/gold_aggregate.py", line 14, in run_gold_aggregation
    .agg(
     ^^^^
  File "/home/airflow/.local/lib/python3.12/site-packages/pandas/core/groupby/generic.py", line 1445, in aggregate
    result = op.agg()
             ^^^^^^^^
  File "/home/airflow/.local/lib/python3.12/site-packages/pandas/core/apply.py", line 175, in agg
    return self.agg_dict_like()
           ^^^^^^^^^^^^^^^^^^^^
  File "/home/airflow/.local/lib/python3.12/site-packages/pandas/core/apply.py", line 406, in agg_dict_like
    return self.agg_or_apply_dict_like(op_name="agg")
           ^^^^^^^^^^^^^^^^^^^^^^^^^^^^^^^^^^^^^^^^^^
  File "/home/airflow/.local/lib/python3.12/site-packages/pandas/core/apply.py", line 1390, in agg_or_apply_dict_like
    result_index, result_data = self.compute_dict_like(
                                ^^^^^^^^^^^^^^^^^^^^^^^
  File "/home/airflow/.local/lib/python3.12/site-packages/pandas/core/apply.py", line 445, in compute_dict_like
    func = self.normalize_dictlike_arg(op_name, selected_obj, func)
           ^^^^^^^^^^^^^^^^^^^^^^^^^^^^^^^^^^^^^^^^^^^^^^^^^^^^^^^^
  File "/home/airflow/.local/lib/python3.12/site-packages/pandas/core/apply.py", line 639, in normalize_dictlike_arg
    raise KeyError(f"Column(s) {list(cols)} do not exist")
KeyError: "Column(s) ['geo_altitude'] do not exist"
[2026-02-25T16:44:28.171+0000] {taskinstance.py:1206} INFO - Marking task as FAILED. dag_id=flight_pipeline, task_id=gold_aggregation, run_id=manual__2026-02-25T16:39:07.765019+00:00, execution_date=20260225T163907, start_date=20260225T164427, end_date=20260225T164428
[2026-02-25T16:44:28.184+0000] {standard_task_runner.py:110} ERROR - Failed to execute job 84 for task gold_aggregation ("Column(s) ['geo_altitude'] do not exist"; 231)
[2026-02-25T16:44:28.200+0000] {local_task_job_runner.py:243} INFO - Task exited with return code 1
[2026-02-25T16:44:28.232+0000] {taskinstance.py:3503} INFO - 0 downstream tasks scheduled from follow-on schedule check
[2026-02-25T16:44:28.237+0000] {local_task_job_runner.py:222} INFO - ::endgroup::
