[2026-02-26T09:38:25.310+0000] {local_task_job_runner.py:120} INFO - ::group::Pre task execution logs
[2026-02-26T09:38:25.383+0000] {taskinstance.py:2076} INFO - Dependencies all met for dep_context=non-requeueable deps ti=<TaskInstance: flight_pipeline.load_to_snowflake manual__2026-02-26T09:33:09.495581+00:00 [queued]>
[2026-02-26T09:38:25.402+0000] {taskinstance.py:2076} INFO - Dependencies all met for dep_context=requeueable deps ti=<TaskInstance: flight_pipeline.load_to_snowflake manual__2026-02-26T09:33:09.495581+00:00 [queued]>
[2026-02-26T09:38:25.405+0000] {taskinstance.py:2306} INFO - Starting attempt 2 of 2
[2026-02-26T09:38:25.433+0000] {taskinstance.py:2330} INFO - Executing <Task(PythonOperator): load_to_snowflake> on 2026-02-26 09:33:09.495581+00:00
[2026-02-26T09:38:25.453+0000] {standard_task_runner.py:90} INFO - Running: ['airflow', 'tasks', 'run', 'flight_pipeline', 'load_to_snowflake', 'manual__2026-02-26T09:33:09.495581+00:00', '--job-id', '144', '--raw', '--subdir', 'DAGS_FOLDER/flight-pipeline.py', '--cfg-path', '/tmp/tmpv1g93nld']
[2026-02-26T09:38:25.462+0000] {standard_task_runner.py:91} INFO - Job 144: Subtask load_to_snowflake
[2026-02-26T09:38:25.465+0000] {logging_mixin.py:188} WARNING - /home/airflow/.local/lib/python3.12/site-packages/airflow/task/task_runner/standard_task_runner.py:62 DeprecationWarning: This process (pid=958) is multi-threaded, use of fork() may lead to deadlocks in the child.
[2026-02-26T09:38:25.467+0000] {standard_task_runner.py:64} INFO - Started process 968 to run task
[2026-02-26T09:38:25.633+0000] {task_command.py:426} INFO - Running <TaskInstance: flight_pipeline.load_to_snowflake manual__2026-02-26T09:33:09.495581+00:00 [running]> on host 4383f8a0204c
[2026-02-26T09:38:25.770+0000] {taskinstance.py:2648} INFO - Exporting env vars: AIRFLOW_CTX_DAG_OWNER='airflow' AIRFLOW_CTX_DAG_ID='flight_pipeline' AIRFLOW_CTX_TASK_ID='load_to_snowflake' AIRFLOW_CTX_EXECUTION_DATE='2026-02-26T09:33:09.495581+00:00' AIRFLOW_CTX_TRY_NUMBER='2' AIRFLOW_CTX_DAG_RUN_ID='manual__2026-02-26T09:33:09.495581+00:00'
[2026-02-26T09:38:25.771+0000] {taskinstance.py:430} INFO - ::endgroup::
[2026-02-26T09:38:25.828+0000] {base.py:84} INFO - Using connection ID 'snowflake_conn' for task execution.
[2026-02-26T09:38:25.829+0000] {connection.py:408} INFO - Snowflake Connector for Python Version: 3.11.0, Python Version: 3.12.4, Platform: Linux-6.6.87.2-microsoft-standard-WSL2-x86_64-with-glibc2.36
[2026-02-26T09:38:25.830+0000] {connection.py:1258} INFO - This connection is in OCSP Fail Open Mode. TLS Certificates would be checked for validity and revocation status. Any other Certificate Revocation related exceptions or OCSP Responder failures would be disregarded in favor of connectivity.
[2026-02-26T09:38:27.731+0000] {cursor.py:1149} INFO - Number of results in first chunk: 1
[2026-02-26T09:39:39.357+0000] {logging_mixin.py:188} INFO - Data from /opt/airflow/data/gold/flight_gold_20260226T093309.csv loaded into Snowflake successfully.
[2026-02-26T09:39:39.358+0000] {connection.py:773} INFO - closed
[2026-02-26T09:39:39.619+0000] {connection.py:779} INFO - No async queries seem to be running, deleting session
[2026-02-26T09:39:39.903+0000] {python.py:237} INFO - Done. Returned value was: None
[2026-02-26T09:39:39.904+0000] {taskinstance.py:441} INFO - ::group::Post task execution logs
[2026-02-26T09:39:39.917+0000] {taskinstance.py:1206} INFO - Marking task as SUCCESS. dag_id=flight_pipeline, task_id=load_to_snowflake, run_id=manual__2026-02-26T09:33:09.495581+00:00, execution_date=20260226T093309, start_date=20260226T093825, end_date=20260226T093939
[2026-02-26T09:39:39.980+0000] {local_task_job_runner.py:243} INFO - Task exited with return code 0
[2026-02-26T09:39:39.997+0000] {taskinstance.py:3503} INFO - 0 downstream tasks scheduled from follow-on schedule check
[2026-02-26T09:39:40.020+0000] {local_task_job_runner.py:222} INFO - ::endgroup::
