[2026-02-25T14:36:28.762+0000] {local_task_job_runner.py:120} INFO - ::group::Pre task execution logs
[2026-02-25T14:36:28.798+0000] {taskinstance.py:2076} INFO - Dependencies all met for dep_context=non-requeueable deps ti=<TaskInstance: flight_pipeline.bronze_ingestion manual__2026-02-25T14:31:19.196611+00:00 [queued]>
[2026-02-25T14:36:28.812+0000] {taskinstance.py:2076} INFO - Dependencies all met for dep_context=requeueable deps ti=<TaskInstance: flight_pipeline.bronze_ingestion manual__2026-02-25T14:31:19.196611+00:00 [queued]>
[2026-02-25T14:36:28.814+0000] {taskinstance.py:2306} INFO - Starting attempt 2 of 2
[2026-02-25T14:36:28.832+0000] {taskinstance.py:2330} INFO - Executing <Task(PythonOperator): bronze_ingestion> on 2026-02-25 14:31:19.196611+00:00
[2026-02-25T14:36:28.841+0000] {standard_task_runner.py:90} INFO - Running: ['airflow', 'tasks', 'run', 'flight_pipeline', 'bronze_ingestion', 'manual__2026-02-25T14:31:19.196611+00:00', '--job-id', '33', '--raw', '--subdir', 'DAGS_FOLDER/flight-pipeline.py', '--cfg-path', '/tmp/tmpr0vww225']
[2026-02-25T14:36:28.845+0000] {standard_task_runner.py:91} INFO - Job 33: Subtask bronze_ingestion
[2026-02-25T14:36:28.846+0000] {logging_mixin.py:188} WARNING - /home/airflow/.local/lib/python3.12/site-packages/airflow/task/task_runner/standard_task_runner.py:62 DeprecationWarning: This process (pid=548) is multi-threaded, use of fork() may lead to deadlocks in the child.
[2026-02-25T14:36:28.847+0000] {standard_task_runner.py:64} INFO - Started process 557 to run task
[2026-02-25T14:36:28.941+0000] {task_command.py:426} INFO - Running <TaskInstance: flight_pipeline.bronze_ingestion manual__2026-02-25T14:31:19.196611+00:00 [running]> on host 4383f8a0204c
[2026-02-25T14:36:29.034+0000] {taskinstance.py:2648} INFO - Exporting env vars: AIRFLOW_CTX_DAG_OWNER='airflow' AIRFLOW_CTX_DAG_ID='flight_pipeline' AIRFLOW_CTX_TASK_ID='bronze_ingestion' AIRFLOW_CTX_EXECUTION_DATE='2026-02-25T14:31:19.196611+00:00' AIRFLOW_CTX_TRY_NUMBER='2' AIRFLOW_CTX_DAG_RUN_ID='manual__2026-02-25T14:31:19.196611+00:00'
[2026-02-25T14:36:29.035+0000] {taskinstance.py:430} INFO - ::endgroup::
[2026-02-25T14:36:34.063+0000] {taskinstance.py:441} INFO - ::group::Post task execution logs
[2026-02-25T14:36:34.064+0000] {taskinstance.py:2905} ERROR - Task failed with exception
Traceback (most recent call last):
  File "/home/airflow/.local/lib/python3.12/site-packages/airflow/models/taskinstance.py", line 465, in _execute_task
    result = _execute_callable(context=context, **execute_callable_kwargs)
             ^^^^^^^^^^^^^^^^^^^^^^^^^^^^^^^^^^^^^^^^^^^^^^^^^^^^^^^^^^^^^
  File "/home/airflow/.local/lib/python3.12/site-packages/airflow/models/taskinstance.py", line 432, in _execute_callable
    return execute_callable(context=context, **execute_callable_kwargs)
           ^^^^^^^^^^^^^^^^^^^^^^^^^^^^^^^^^^^^^^^^^^^^^^^^^^^^^^^^^^^^
  File "/home/airflow/.local/lib/python3.12/site-packages/airflow/models/baseoperator.py", line 401, in wrapper
    return func(self, *args, **kwargs)
           ^^^^^^^^^^^^^^^^^^^^^^^^^^^
  File "/home/airflow/.local/lib/python3.12/site-packages/airflow/operators/python.py", line 235, in execute
    return_value = self.execute_callable()
                   ^^^^^^^^^^^^^^^^^^^^^^^
  File "/home/airflow/.local/lib/python3.12/site-packages/airflow/operators/python.py", line 252, in execute_callable
    return self.python_callable(*self.op_args, **self.op_kwargs)
           ^^^^^^^^^^^^^^^^^^^^^^^^^^^^^^^^^^^^^^^^^^^^^^^^^^^^^
  File "/opt/airflow/scripts/bronze_ingest.py", line 19, in run_bronze_ingestion
    with open(output_dir, 'w') as f:
         ^^^^^^^^^^^^^^^^^^^^^
IsADirectoryError: [Errno 21] Is a directory: '/opt/airflow/data/bronze/flight_2026-02-25143634.json'
[2026-02-25T14:36:34.080+0000] {taskinstance.py:1206} INFO - Marking task as FAILED. dag_id=flight_pipeline, task_id=bronze_ingestion, run_id=manual__2026-02-25T14:31:19.196611+00:00, execution_date=20260225T143119, start_date=20260225T143628, end_date=20260225T143634
[2026-02-25T14:36:34.093+0000] {standard_task_runner.py:110} ERROR - Failed to execute job 33 for task bronze_ingestion ([Errno 21] Is a directory: '/opt/airflow/data/bronze/flight_2026-02-25143634.json'; 557)
[2026-02-25T14:36:34.136+0000] {local_task_job_runner.py:243} INFO - Task exited with return code 1
[2026-02-25T14:36:34.157+0000] {taskinstance.py:3503} INFO - 0 downstream tasks scheduled from follow-on schedule check
[2026-02-25T14:36:34.164+0000] {local_task_job_runner.py:222} INFO - ::endgroup::
