[2026-02-25T14:31:59.340+0000] {local_task_job_runner.py:120} INFO - ::group::Pre task execution logs
[2026-02-25T14:31:59.369+0000] {taskinstance.py:2076} INFO - Dependencies all met for dep_context=non-requeueable deps ti=<TaskInstance: flight_pipeline.bronze_ingestion manual__2026-02-25T14:31:54.945474+00:00 [queued]>
[2026-02-25T14:31:59.384+0000] {taskinstance.py:2076} INFO - Dependencies all met for dep_context=requeueable deps ti=<TaskInstance: flight_pipeline.bronze_ingestion manual__2026-02-25T14:31:54.945474+00:00 [queued]>
[2026-02-25T14:31:59.387+0000] {taskinstance.py:2306} INFO - Starting attempt 1 of 2
[2026-02-25T14:31:59.411+0000] {taskinstance.py:2330} INFO - Executing <Task(PythonOperator): bronze_ingestion> on 2026-02-25 14:31:54.945474+00:00
[2026-02-25T14:31:59.427+0000] {standard_task_runner.py:90} INFO - Running: ['airflow', 'tasks', 'run', 'flight_pipeline', 'bronze_ingestion', 'manual__2026-02-25T14:31:54.945474+00:00', '--job-id', '28', '--raw', '--subdir', 'DAGS_FOLDER/flight-pipeline.py', '--cfg-path', '/tmp/tmpnd4dfakw']
[2026-02-25T14:31:59.432+0000] {logging_mixin.py:188} WARNING - /home/airflow/.local/lib/python3.12/site-packages/airflow/task/task_runner/standard_task_runner.py:62 DeprecationWarning: This process (pid=480) is multi-threaded, use of fork() may lead to deadlocks in the child.
[2026-02-25T14:31:59.432+0000] {standard_task_runner.py:91} INFO - Job 28: Subtask bronze_ingestion
[2026-02-25T14:31:59.433+0000] {standard_task_runner.py:64} INFO - Started process 491 to run task
[2026-02-25T14:31:59.516+0000] {task_command.py:426} INFO - Running <TaskInstance: flight_pipeline.bronze_ingestion manual__2026-02-25T14:31:54.945474+00:00 [running]> on host 4383f8a0204c
[2026-02-25T14:31:59.631+0000] {taskinstance.py:2648} INFO - Exporting env vars: AIRFLOW_CTX_DAG_OWNER='airflow' AIRFLOW_CTX_DAG_ID='flight_pipeline' AIRFLOW_CTX_TASK_ID='bronze_ingestion' AIRFLOW_CTX_EXECUTION_DATE='2026-02-25T14:31:54.945474+00:00' AIRFLOW_CTX_TRY_NUMBER='1' AIRFLOW_CTX_DAG_RUN_ID='manual__2026-02-25T14:31:54.945474+00:00'
[2026-02-25T14:31:59.633+0000] {taskinstance.py:430} INFO - ::endgroup::
[2026-02-25T14:32:04.847+0000] {taskinstance.py:441} INFO - ::group::Post task execution logs
[2026-02-25T14:32:04.849+0000] {taskinstance.py:2905} ERROR - Task failed with exception
Traceback (most recent call last):
  File "/home/airflow/.local/lib/python3.12/site-packages/airflow/models/taskinstance.py", line 465, in _execute_task
    result = _execute_callable(context=context, **execute_callable_kwargs)
             ^^^^^^^^^^^^^^^^^^^^^^^^^^^^^^^^^^^^^^^^^^^^^^^^^^^^^^^^^^^^^
  File "/home/airflow/.local/lib/python3.12/site-packages/airflow/models/taskinstance.py", line 432, in _execute_callable
    return execute_callable(context=context, **execute_callable_kwargs)
           ^^^^^^^^^^^^^^^^^^^^^^^^^^^^^^^^^^^^^^^^^^^^^^^^^^^^^^^^^^^^
  File "/home/airflow/.local/lib/python3.12/site-packages/airflow/models/baseoperator.py", line 401, in wrapper
    return func(self, *args, **kwargs)
           ^^^^^^^^^^^^^^^^^^^^^^^^^^^
  File "/home/airflow/.local/lib/python3.12/site-packages/airflow/operators/python.py", line 235, in execute
    return_value = self.execute_callable()
                   ^^^^^^^^^^^^^^^^^^^^^^^
  File "/home/airflow/.local/lib/python3.12/site-packages/airflow/operators/python.py", line 252, in execute_callable
    return self.python_callable(*self.op_args, **self.op_kwargs)
           ^^^^^^^^^^^^^^^^^^^^^^^^^^^^^^^^^^^^^^^^^^^^^^^^^^^^^
  File "/opt/airflow/scripts/bronze_ingest.py", line 19, in run_bronze_ingestion
    with open(output_dir, 'w') as f:
         ^^^^^^^^^^^^^^^^^^^^^
IsADirectoryError: [Errno 21] Is a directory: '/opt/airflow/data/bronze/flight_2026-02-25143204.json'
[2026-02-25T14:32:04.866+0000] {taskinstance.py:1206} INFO - Marking task as UP_FOR_RETRY. dag_id=flight_pipeline, task_id=bronze_ingestion, run_id=manual__2026-02-25T14:31:54.945474+00:00, execution_date=20260225T143154, start_date=20260225T143159, end_date=20260225T143204
[2026-02-25T14:32:04.877+0000] {standard_task_runner.py:110} ERROR - Failed to execute job 28 for task bronze_ingestion ([Errno 21] Is a directory: '/opt/airflow/data/bronze/flight_2026-02-25143204.json'; 491)
[2026-02-25T14:32:04.895+0000] {local_task_job_runner.py:243} INFO - Task exited with return code 1
[2026-02-25T14:32:04.921+0000] {taskinstance.py:3503} INFO - 0 downstream tasks scheduled from follow-on schedule check
[2026-02-25T14:32:04.925+0000] {local_task_job_runner.py:222} INFO - ::endgroup::
