[2026-02-25T11:00:03.493+0000] {local_task_job_runner.py:120} INFO - ::group::Pre task execution logs
[2026-02-25T11:00:03.568+0000] {taskinstance.py:2076} INFO - Dependencies all met for dep_context=non-requeueable deps ti=<TaskInstance: flight_pipeline.bronze_ingestion scheduled__2026-02-25T10:00:00+00:00 [queued]>
[2026-02-25T11:00:03.590+0000] {taskinstance.py:2076} INFO - Dependencies all met for dep_context=requeueable deps ti=<TaskInstance: flight_pipeline.bronze_ingestion scheduled__2026-02-25T10:00:00+00:00 [queued]>
[2026-02-25T11:00:03.592+0000] {taskinstance.py:2306} INFO - Starting attempt 1 of 2
[2026-02-25T11:00:03.623+0000] {taskinstance.py:2330} INFO - Executing <Task(PythonOperator): bronze_ingestion> on 2026-02-25 10:00:00+00:00
[2026-02-25T11:00:03.634+0000] {standard_task_runner.py:64} INFO - Started process 163 to run task
[2026-02-25T11:00:03.640+0000] {standard_task_runner.py:90} INFO - Running: ['airflow', 'tasks', 'run', 'flight_pipeline', 'bronze_ingestion', 'scheduled__2026-02-25T10:00:00+00:00', '--job-id', '6', '--raw', '--subdir', 'DAGS_FOLDER/flight-pipeline.py', '--cfg-path', '/tmp/tmpp241j6fi']
[2026-02-25T11:00:03.648+0000] {standard_task_runner.py:91} INFO - Job 6: Subtask bronze_ingestion
[2026-02-25T11:00:03.831+0000] {task_command.py:426} INFO - Running <TaskInstance: flight_pipeline.bronze_ingestion scheduled__2026-02-25T10:00:00+00:00 [running]> on host fea518720d9e
[2026-02-25T11:00:04.019+0000] {taskinstance.py:2648} INFO - Exporting env vars: AIRFLOW_CTX_DAG_OWNER='airflow' AIRFLOW_CTX_DAG_ID='flight_pipeline' AIRFLOW_CTX_TASK_ID='bronze_ingestion' AIRFLOW_CTX_EXECUTION_DATE='2026-02-25T10:00:00+00:00' AIRFLOW_CTX_TRY_NUMBER='1' AIRFLOW_CTX_DAG_RUN_ID='scheduled__2026-02-25T10:00:00+00:00'
[2026-02-25T11:00:04.021+0000] {taskinstance.py:430} INFO - ::endgroup::
[2026-02-25T11:00:05.373+0000] {taskinstance.py:441} INFO - ::group::Post task execution logs
[2026-02-25T11:00:05.374+0000] {taskinstance.py:2905} ERROR - Task failed with exception
Traceback (most recent call last):
  File "/home/airflow/.local/lib/python3.12/site-packages/airflow/models/taskinstance.py", line 465, in _execute_task
    result = _execute_callable(context=context, **execute_callable_kwargs)
             ^^^^^^^^^^^^^^^^^^^^^^^^^^^^^^^^^^^^^^^^^^^^^^^^^^^^^^^^^^^^^
  File "/home/airflow/.local/lib/python3.12/site-packages/airflow/models/taskinstance.py", line 432, in _execute_callable
    return execute_callable(context=context, **execute_callable_kwargs)
           ^^^^^^^^^^^^^^^^^^^^^^^^^^^^^^^^^^^^^^^^^^^^^^^^^^^^^^^^^^^^
  File "/home/airflow/.local/lib/python3.12/site-packages/airflow/models/baseoperator.py", line 401, in wrapper
    return func(self, *args, **kwargs)
           ^^^^^^^^^^^^^^^^^^^^^^^^^^^
  File "/home/airflow/.local/lib/python3.12/site-packages/airflow/operators/python.py", line 235, in execute
    return_value = self.execute_callable()
                   ^^^^^^^^^^^^^^^^^^^^^^^
  File "/home/airflow/.local/lib/python3.12/site-packages/airflow/operators/python.py", line 252, in execute_callable
    return self.python_callable(*self.op_args, **self.op_kwargs)
           ^^^^^^^^^^^^^^^^^^^^^^^^^^^^^^^^^^^^^^^^^^^^^^^^^^^^^
  File "/opt/airflow/scripts/bronze_ingest.py", line 19, in run_bronze_ingestion
    with open(output_dir, 'w') as f:
         ^^^^^^^^^^^^^^^^^^^^^
IsADirectoryError: [Errno 21] Is a directory: '/opt/airflow/data/bronze/flight_2026-02-25110005.json'
[2026-02-25T11:00:05.392+0000] {taskinstance.py:1206} INFO - Marking task as UP_FOR_RETRY. dag_id=flight_pipeline, task_id=bronze_ingestion, run_id=scheduled__2026-02-25T10:00:00+00:00, execution_date=20260225T100000, start_date=20260225T110003, end_date=20260225T110005
[2026-02-25T11:00:05.547+0000] {standard_task_runner.py:110} ERROR - Failed to execute job 6 for task bronze_ingestion ([Errno 21] Is a directory: '/opt/airflow/data/bronze/flight_2026-02-25110005.json'; 163)
[2026-02-25T11:00:05.592+0000] {local_task_job_runner.py:243} INFO - Task exited with return code 1
[2026-02-25T11:00:05.636+0000] {taskinstance.py:3503} INFO - 0 downstream tasks scheduled from follow-on schedule check
[2026-02-25T11:00:05.643+0000] {local_task_job_runner.py:222} INFO - ::endgroup::
[2026-02-25T11:09:34.092+0000] {local_task_job_runner.py:120} INFO - ::group::Pre task execution logs
[2026-02-25T11:09:34.129+0000] {taskinstance.py:2076} INFO - Dependencies all met for dep_context=non-requeueable deps ti=<TaskInstance: flight_pipeline.bronze_ingestion scheduled__2026-02-25T10:00:00+00:00 [queued]>
[2026-02-25T11:09:34.136+0000] {taskinstance.py:2076} INFO - Dependencies all met for dep_context=requeueable deps ti=<TaskInstance: flight_pipeline.bronze_ingestion scheduled__2026-02-25T10:00:00+00:00 [queued]>
[2026-02-25T11:09:34.136+0000] {taskinstance.py:2306} INFO - Starting attempt 1 of 2
[2026-02-25T11:09:34.148+0000] {taskinstance.py:2330} INFO - Executing <Task(PythonOperator): bronze_ingestion> on 2026-02-25 10:00:00+00:00
[2026-02-25T11:09:34.152+0000] {standard_task_runner.py:64} INFO - Started process 37 to run task
[2026-02-25T11:09:34.156+0000] {standard_task_runner.py:90} INFO - Running: ['airflow', 'tasks', 'run', 'flight_pipeline', 'bronze_ingestion', 'scheduled__2026-02-25T10:00:00+00:00', '--job-id', '10', '--raw', '--subdir', 'DAGS_FOLDER/flight-pipeline.py', '--cfg-path', '/tmp/tmpfz85cx3u']
[2026-02-25T11:09:34.158+0000] {standard_task_runner.py:91} INFO - Job 10: Subtask bronze_ingestion
[2026-02-25T11:09:34.279+0000] {task_command.py:426} INFO - Running <TaskInstance: flight_pipeline.bronze_ingestion scheduled__2026-02-25T10:00:00+00:00 [running]> on host 4383f8a0204c
[2026-02-25T11:09:34.408+0000] {taskinstance.py:2648} INFO - Exporting env vars: AIRFLOW_CTX_DAG_OWNER='airflow' AIRFLOW_CTX_DAG_ID='flight_pipeline' AIRFLOW_CTX_TASK_ID='bronze_ingestion' AIRFLOW_CTX_EXECUTION_DATE='2026-02-25T10:00:00+00:00' AIRFLOW_CTX_TRY_NUMBER='1' AIRFLOW_CTX_DAG_RUN_ID='scheduled__2026-02-25T10:00:00+00:00'
[2026-02-25T11:09:34.409+0000] {taskinstance.py:430} INFO - ::endgroup::
[2026-02-25T11:09:36.113+0000] {taskinstance.py:441} INFO - ::group::Post task execution logs
[2026-02-25T11:09:36.114+0000] {taskinstance.py:2905} ERROR - Task failed with exception
Traceback (most recent call last):
  File "/home/airflow/.local/lib/python3.12/site-packages/airflow/models/taskinstance.py", line 465, in _execute_task
    result = _execute_callable(context=context, **execute_callable_kwargs)
             ^^^^^^^^^^^^^^^^^^^^^^^^^^^^^^^^^^^^^^^^^^^^^^^^^^^^^^^^^^^^^
  File "/home/airflow/.local/lib/python3.12/site-packages/airflow/models/taskinstance.py", line 432, in _execute_callable
    return execute_callable(context=context, **execute_callable_kwargs)
           ^^^^^^^^^^^^^^^^^^^^^^^^^^^^^^^^^^^^^^^^^^^^^^^^^^^^^^^^^^^^
  File "/home/airflow/.local/lib/python3.12/site-packages/airflow/models/baseoperator.py", line 401, in wrapper
    return func(self, *args, **kwargs)
           ^^^^^^^^^^^^^^^^^^^^^^^^^^^
  File "/home/airflow/.local/lib/python3.12/site-packages/airflow/operators/python.py", line 235, in execute
    return_value = self.execute_callable()
                   ^^^^^^^^^^^^^^^^^^^^^^^
  File "/home/airflow/.local/lib/python3.12/site-packages/airflow/operators/python.py", line 252, in execute_callable
    return self.python_callable(*self.op_args, **self.op_kwargs)
           ^^^^^^^^^^^^^^^^^^^^^^^^^^^^^^^^^^^^^^^^^^^^^^^^^^^^^
  File "/opt/airflow/scripts/bronze_ingest.py", line 19, in run_bronze_ingestion
    with open(output_dir, 'w') as f:
         ^^^^^^^^^^^^^^^^^^^^^
IsADirectoryError: [Errno 21] Is a directory: '/opt/airflow/data/bronze/flight_2026-02-25110936.json'
[2026-02-25T11:09:36.138+0000] {taskinstance.py:1206} INFO - Marking task as UP_FOR_RETRY. dag_id=flight_pipeline, task_id=bronze_ingestion, run_id=scheduled__2026-02-25T10:00:00+00:00, execution_date=20260225T100000, start_date=20260225T110934, end_date=20260225T110936
[2026-02-25T11:09:36.304+0000] {standard_task_runner.py:110} ERROR - Failed to execute job 10 for task bronze_ingestion ([Errno 21] Is a directory: '/opt/airflow/data/bronze/flight_2026-02-25110936.json'; 37)
[2026-02-25T11:09:36.347+0000] {local_task_job_runner.py:243} INFO - Task exited with return code 1
[2026-02-25T11:09:36.392+0000] {taskinstance.py:3503} INFO - 0 downstream tasks scheduled from follow-on schedule check
[2026-02-25T11:09:36.399+0000] {local_task_job_runner.py:222} INFO - ::endgroup::
