[2026-02-25T13:22:27.105+0000] {local_task_job_runner.py:120} INFO - ::group::Pre task execution logs
[2026-02-25T13:22:27.141+0000] {taskinstance.py:2076} INFO - Dependencies all met for dep_context=non-requeueable deps ti=<TaskInstance: flight_pipeline.bronze_ingestion manual__2026-02-25T13:17:15.997819+00:00 [queued]>
[2026-02-25T13:22:27.150+0000] {taskinstance.py:2076} INFO - Dependencies all met for dep_context=requeueable deps ti=<TaskInstance: flight_pipeline.bronze_ingestion manual__2026-02-25T13:17:15.997819+00:00 [queued]>
[2026-02-25T13:22:27.151+0000] {taskinstance.py:2306} INFO - Starting attempt 2 of 2
[2026-02-25T13:22:27.163+0000] {taskinstance.py:2330} INFO - Executing <Task(PythonOperator): bronze_ingestion> on 2026-02-25 13:17:15.997819+00:00
[2026-02-25T13:22:27.168+0000] {standard_task_runner.py:64} INFO - Started process 220 to run task
[2026-02-25T13:22:27.171+0000] {standard_task_runner.py:90} INFO - Running: ['airflow', 'tasks', 'run', 'flight_pipeline', 'bronze_ingestion', 'manual__2026-02-25T13:17:15.997819+00:00', '--job-id', '17', '--raw', '--subdir', 'DAGS_FOLDER/flight-pipeline.py', '--cfg-path', '/tmp/tmpevrs__pm']
[2026-02-25T13:22:27.174+0000] {standard_task_runner.py:91} INFO - Job 17: Subtask bronze_ingestion
[2026-02-25T13:22:27.277+0000] {task_command.py:426} INFO - Running <TaskInstance: flight_pipeline.bronze_ingestion manual__2026-02-25T13:17:15.997819+00:00 [running]> on host 4383f8a0204c
[2026-02-25T13:22:27.378+0000] {taskinstance.py:2648} INFO - Exporting env vars: AIRFLOW_CTX_DAG_OWNER='airflow' AIRFLOW_CTX_DAG_ID='flight_pipeline' AIRFLOW_CTX_TASK_ID='bronze_ingestion' AIRFLOW_CTX_EXECUTION_DATE='2026-02-25T13:17:15.997819+00:00' AIRFLOW_CTX_TRY_NUMBER='2' AIRFLOW_CTX_DAG_RUN_ID='manual__2026-02-25T13:17:15.997819+00:00'
[2026-02-25T13:22:27.379+0000] {taskinstance.py:430} INFO - ::endgroup::
[2026-02-25T13:22:31.681+0000] {taskinstance.py:441} INFO - ::group::Post task execution logs
[2026-02-25T13:22:31.682+0000] {taskinstance.py:2905} ERROR - Task failed with exception
Traceback (most recent call last):
  File "/home/airflow/.local/lib/python3.12/site-packages/airflow/models/taskinstance.py", line 465, in _execute_task
    result = _execute_callable(context=context, **execute_callable_kwargs)
             ^^^^^^^^^^^^^^^^^^^^^^^^^^^^^^^^^^^^^^^^^^^^^^^^^^^^^^^^^^^^^
  File "/home/airflow/.local/lib/python3.12/site-packages/airflow/models/taskinstance.py", line 432, in _execute_callable
    return execute_callable(context=context, **execute_callable_kwargs)
           ^^^^^^^^^^^^^^^^^^^^^^^^^^^^^^^^^^^^^^^^^^^^^^^^^^^^^^^^^^^^
  File "/home/airflow/.local/lib/python3.12/site-packages/airflow/models/baseoperator.py", line 401, in wrapper
    return func(self, *args, **kwargs)
           ^^^^^^^^^^^^^^^^^^^^^^^^^^^
  File "/home/airflow/.local/lib/python3.12/site-packages/airflow/operators/python.py", line 235, in execute
    return_value = self.execute_callable()
                   ^^^^^^^^^^^^^^^^^^^^^^^
  File "/home/airflow/.local/lib/python3.12/site-packages/airflow/operators/python.py", line 252, in execute_callable
    return self.python_callable(*self.op_args, **self.op_kwargs)
           ^^^^^^^^^^^^^^^^^^^^^^^^^^^^^^^^^^^^^^^^^^^^^^^^^^^^^
  File "/opt/airflow/scripts/bronze_ingest.py", line 19, in run_bronze_ingestion
    with open(output_dir, 'w') as f:
         ^^^^^^^^^^^^^^^^^^^^^
IsADirectoryError: [Errno 21] Is a directory: '/opt/airflow/data/bronze/flight_2026-02-25132231.json'
[2026-02-25T13:22:31.697+0000] {taskinstance.py:1206} INFO - Marking task as FAILED. dag_id=flight_pipeline, task_id=bronze_ingestion, run_id=manual__2026-02-25T13:17:15.997819+00:00, execution_date=20260225T131715, start_date=20260225T132227, end_date=20260225T132231
[2026-02-25T13:22:31.913+0000] {standard_task_runner.py:110} ERROR - Failed to execute job 17 for task bronze_ingestion ([Errno 21] Is a directory: '/opt/airflow/data/bronze/flight_2026-02-25132231.json'; 220)
[2026-02-25T13:22:31.948+0000] {local_task_job_runner.py:243} INFO - Task exited with return code 1
[2026-02-25T13:22:31.968+0000] {taskinstance.py:3503} INFO - 0 downstream tasks scheduled from follow-on schedule check
[2026-02-25T13:22:31.971+0000] {local_task_job_runner.py:222} INFO - ::endgroup::
